Determining if the pthread_create exist failed with the following output:
Change Dir: /home/preparateur/catkin_ws/build/CMakeFiles/CMakeTmp

Run Build Command:"/usr/bin/make" "cmTC_929ba/fast"
/usr/bin/make -f CMakeFiles/cmTC_929ba.dir/build.make CMakeFiles/cmTC_929ba.dir/build
make[1]: Entering directory '/home/preparateur/catkin_ws/build/CMakeFiles/CMakeTmp'
Building C object CMakeFiles/cmTC_929ba.dir/CheckSymbolExists.c.o
/usr/bin/cc     -o CMakeFiles/cmTC_929ba.dir/CheckSymbolExists.c.o   -c /home/preparateur/catkin_ws/build/CMakeFiles/CMakeTmp/CheckSymbolExists.c
Linking C executable cmTC_929ba
/usr/bin/cmake -E cmake_link_script CMakeFiles/cmTC_929ba.dir/link.txt --verbose=1
/usr/bin/cc       CMakeFiles/cmTC_929ba.dir/CheckSymbolExists.c.o  -o cmTC_929ba -rdynamic 
CMakeFiles/cmTC_929ba.dir/CheckSymbolExists.c.o: In function `main':
CheckSymbolExists.c:(.text+0xe): undefined reference to `pthread_create'
CheckSymbolExists.c:(.text+0x12): undefined reference to `pthread_create'
collect2: error: ld returned 1 exit status
CMakeFiles/cmTC_929ba.dir/build.make:97: recipe for target 'cmTC_929ba' failed
make[1]: *** [cmTC_929ba] Error 1
make[1]: Leaving directory '/home/preparateur/catkin_ws/build/CMakeFiles/CMakeTmp'
Makefile:126: recipe for target 'cmTC_929ba/fast' failed
make: *** [cmTC_929ba/fast] Error 2

File /home/preparateur/catkin_ws/build/CMakeFiles/CMakeTmp/CheckSymbolExists.c:
/* */
#include <pthread.h>

int main(int argc, char** argv)
{
  (void)argv;
#ifndef pthread_create
  return ((int*)(&pthread_create))[argc];
#else
  (void)argc;
  return 0;
#endif
}

Determining if the function pthread_create exists in the pthreads failed with the following output:
Change Dir: /home/preparateur/catkin_ws/build/CMakeFiles/CMakeTmp

Run Build Command:"/usr/bin/make" "cmTC_9468d/fast"
/usr/bin/make -f CMakeFiles/cmTC_9468d.dir/build.make CMakeFiles/cmTC_9468d.dir/build
make[1]: Entering directory '/home/preparateur/catkin_ws/build/CMakeFiles/CMakeTmp'
Building C object CMakeFiles/cmTC_9468d.dir/CheckFunctionExists.c.o
/usr/bin/cc    -DCHECK_FUNCTION_EXISTS=pthread_create   -o CMakeFiles/cmTC_9468d.dir/CheckFunctionExists.c.o   -c /usr/share/cmake-3.5/Modules/CheckFunctionExists.c
Linking C executable cmTC_9468d
/usr/bin/cmake -E cmake_link_script CMakeFiles/cmTC_9468d.dir/link.txt --verbose=1
/usr/bin/cc   -DCHECK_FUNCTION_EXISTS=pthread_create    CMakeFiles/cmTC_9468d.dir/CheckFunctionExists.c.o  -o cmTC_9468d -rdynamic -lpthreads 
/usr/bin/ld: cannot find -lpthreads
collect2: error: ld returned 1 exit status
CMakeFiles/cmTC_9468d.dir/build.make:97: recipe for target 'cmTC_9468d' failed
make[1]: *** [cmTC_9468d] Error 1
make[1]: Leaving directory '/home/preparateur/catkin_ws/build/CMakeFiles/CMakeTmp'
Makefile:126: recipe for target 'cmTC_9468d/fast' failed
make: *** [cmTC_9468d/fast] Error 2


